<?xml version="1.0" encoding="UTF-8"?>
<!-- Generated by org.testng.reporters.JUnitXMLReporter -->
<testsuite ignored="4" hostname="DCCPL0634" failures="1" tests="13" name="ChromeTests" time="83.842" errors="0" timestamp="21 May 2024 11:26:03 GMT">
  <testcase classname="com.dhruv.tests.FlipkartHomePageTest" name="testActionsOnFlipkart" time="27.7"/>
  <testcase classname="com.dhruv.tests.LoginTest_001" name="forgotPasswordTest" time="6.159"/>
  <testcase classname="com.dhruv.tests.LoginTest_001" name="testInvalidLogin" time="2.043"/>
  <testcase classname="com.dhruv.tests.DropdownTest_004" name="currencyDrodownTest" time="1.354"/>
  <testcase classname="com.dhruv.tests.DropdownTest_004" name="passengerDrodownTest" time="1.217"/>
  <testcase classname="com.dhruv.tests.DropdownTest_004" name="testAutoSuggestiveCountryDD" time="2.744"/>
  <testcase classname="com.dhruv.tests.DropdownTest_004" name="testDropdownSelection" time="1.693"/>
  <testcase classname="com.dhruv.tests.LoginTest_003" name="testInvalidLogin" time="2.026"/>
  <testcase classname="com.dhruv.tests.LoginTest_002" name="testInvalidLogin" time="1.918"/>
  <testcase classname="com.dhruv.tests.LoginTest_003" name="forgotPasswordTest" time="4.305"/>
  <testcase classname="com.dhruv.tests.LoginTest_002" name="forgotPasswordTest" time="4.401"/>
  <testcase classname="com.dhruv.tests.LoginTest_003" name="successfulLoginTest" time="0.0">
    <failure type="org.testng.TestNGException" message="
Parameter &amp;apos;username&amp;apos; is required by @Test on method successfulLoginTest but has not been marked @Optional or defined
in C:\Users\Administrator\eclipse-workspace\SeleniumFE_2024-Part5\FlipkartAppRegression.xml">
      <![CDATA[org.testng.TestNGException: 
Parameter 'username' is required by @Test on method successfulLoginTest but has not been marked @Optional or defined
in C:\Users\Administrator\eclipse-workspace\SeleniumFE_2024-Part5\FlipkartAppRegression.xml
... Removed 23 stack frames]]>
    </failure>
  </testcase> <!-- successfulLoginTest -->
  <testcase classname="com.dhruv.tests.LoginTest_003" name="validateForTheLoginBtnTextAndPracticeBtnText" time="2.193"/>
  <testcase classname="com.dhruv.helper.BaseClass" name="@BeforeSuite configureLog4j" time="0.0">
    <ignored/>
  </testcase> <!-- @BeforeSuite configureLog4j -->
  <testcase classname="com.dhruv.helper.BaseClass" name="@BeforeSuite configureLog4j" time="0.0">
    <ignored/>
  </testcase> <!-- @BeforeSuite configureLog4j -->
  <testcase classname="com.dhruv.helper.BaseClass" name="@BeforeSuite configureLog4j" time="0.0">
    <ignored/>
  </testcase> <!-- @BeforeSuite configureLog4j -->
  <testcase classname="com.dhruv.helper.BaseClass" name="@BeforeSuite configureLog4j" time="0.0">
    <ignored/>
  </testcase> <!-- @BeforeSuite configureLog4j -->
</testsuite> <!-- ChromeTests -->
