<html>
<head>
<title>TestNG:  ChromeTests</title>
<link href="../testng.css" rel="stylesheet" type="text/css" />
<link href="../my-testng.css" rel="stylesheet" type="text/css" />

<style type="text/css">
.log { display: none;} 
.stack-trace { display: none;} 
</style>
<script type="text/javascript">
<!--
function flip(e) {
  current = e.style.display;
  if (current == 'block') {
    e.style.display = 'none';
    return 0;
  }
  else {
    e.style.display = 'block';
    return 1;
  }
}

function toggleBox(szDivId, elem, msg1, msg2)
{
  var res = -1;  if (document.getElementById) {
    res = flip(document.getElementById(szDivId));
  }
  else if (document.all) {
    // this is the way old msie versions work
    res = flip(document.all[szDivId]);
  }
  if(elem) {
    if(res == 0) elem.innerHTML = msg1; else elem.innerHTML = msg2;
  }

}

function toggleAllBoxes() {
  if (document.getElementsByTagName) {
    d = document.getElementsByTagName('div');
    for (i = 0; i < d.length; i++) {
      if (d[i].className == 'log') {
        flip(d[i]);
      }
    }
  }
}

// -->
</script>

</head>
<body>
<h2 align='center'>ChromeTests</h2><table border='1' align="center">
<tr>
<td>Tests passed/Failed/Skipped:</td><td>12/1/0</td>
</tr><tr>
<td>Started on:</td><td>Tue May 21 16:54:39 IST 2024</td>
</tr>
<tr><td>Total time:</td><td>83 seconds (83842 ms)</td>
</tr><tr>
<td>Included groups:</td><td></td>
</tr><tr>
<td>Excluded groups:</td><td></td>
</tr>
</table><p/>
<small><i>(Hover the method name to see the test class name)</i></small><p/>
<table width='100%' border='1' class='invocation-failed'>
<tr><td colspan='4' align='center'><b>FAILED TESTS</b></td></tr>
<tr><td><b>Test method</b></td>
<td width="30%"><b>Exception</b></td>
<td width="10%"><b>Time (seconds)</b></td>
<td><b>Instance</b></td>
</tr>
<tr>
<td title='com.dhruv.tests.LoginTest_003.successfulLoginTest()'><b>successfulLoginTest</b><br>Test class: com.dhruv.tests.LoginTest_003</td>
<td><div><pre>org.testng.TestNGException: 
Parameter &apos;username&apos; is required by @Test on method successfulLoginTest but has not been marked @Optional or defined
in C:\Users\Administrator\eclipse-workspace\SeleniumFE_2024-Part5\FlipkartAppRegression.xml
... Removed 23 stack frames</pre></div><a href='#' onClick='toggleBox("stack-trace602680284", this, "Click to show all stack frames", "Click to hide stack frames")'>Click to show all stack frames</a>
<div class='stack-trace' id='stack-trace602680284'><pre>org.testng.TestNGException: 
Parameter &apos;username&apos; is required by @Test on method successfulLoginTest but has not been marked @Optional or defined
in C:\Users\Administrator\eclipse-workspace\SeleniumFE_2024-Part5\FlipkartAppRegression.xml
	at org.testng.internal.Parameters.createParameters(Parameters.java:199)
	at org.testng.internal.Parameters.createParameters(Parameters.java:443)
	at org.testng.internal.Parameters.handleParameters(Parameters.java:569)
	at org.testng.internal.Invoker.handleParameters(Invoker.java:1308)
	at org.testng.internal.Invoker.createParameters(Invoker.java:1036)
	at org.testng.internal.Invoker.invokeTestMethods(Invoker.java:1126)
	at org.testng.internal.TestMethodWorker.invokeTestMethods(TestMethodWorker.java:126)
	at org.testng.internal.TestMethodWorker.run(TestMethodWorker.java:109)
	at org.testng.TestRunner.privateRun(TestRunner.java:744)
	at org.testng.TestRunner.run(TestRunner.java:602)
	at org.testng.SuiteRunner.runTest(SuiteRunner.java:380)
	at org.testng.SuiteRunner.runSequentially(SuiteRunner.java:375)
	at org.testng.SuiteRunner.privateRun(SuiteRunner.java:340)
	at org.testng.SuiteRunner.run(SuiteRunner.java:289)
	at org.testng.SuiteRunnerWorker.runSuite(SuiteRunnerWorker.java:52)
	at org.testng.SuiteRunnerWorker.run(SuiteRunnerWorker.java:86)
	at org.testng.TestNG.runSuitesSequentially(TestNG.java:1301)
	at org.testng.TestNG.runSuitesLocally(TestNG.java:1226)
	at org.testng.TestNG.runSuites(TestNG.java:1144)
	at org.testng.TestNG.run(TestNG.java:1115)
	at org.testng.remote.AbstractRemoteTestNG.run(AbstractRemoteTestNG.java:115)
	at org.testng.remote.RemoteTestNG.initAndRun(RemoteTestNG.java:293)
	at org.testng.remote.RemoteTestNG.main(RemoteTestNG.java:91)
</pre></div></td>
<td>0</td>
<td>com.dhruv.tests.LoginTest_003@5395ea39</td></tr>
</table><p>
<table width='100%' border='1' class='invocation-passed'>
<tr><td colspan='4' align='center'><b>PASSED TESTS</b></td></tr>
<tr><td><b>Test method</b></td>
<td width="30%"><b>Exception</b></td>
<td width="10%"><b>Time (seconds)</b></td>
<td><b>Instance</b></td>
</tr>
<tr>
<td title='com.dhruv.tests.DropdownTest_004.currencyDrodownTest()'><b>currencyDrodownTest</b><br>Test class: com.dhruv.tests.DropdownTest_004</td>
<td></td>
<td>1</td>
<td>com.dhruv.tests.DropdownTest_004@13d186db</td></tr>
<tr>
<td title='com.dhruv.tests.LoginTest_001.forgotPasswordTest()'><b>forgotPasswordTest</b><br>Test class: com.dhruv.tests.LoginTest_001</td>
<td></td>
<td>6</td>
<td>com.dhruv.tests.LoginTest_001@1517f633</td></tr>
<tr>
<td title='com.dhruv.tests.LoginTest_003.forgotPasswordTest()'><b>forgotPasswordTest</b><br>Test class: com.dhruv.tests.LoginTest_003</td>
<td></td>
<td>4</td>
<td>com.dhruv.tests.LoginTest_003@5395ea39</td></tr>
<tr>
<td title='com.dhruv.tests.LoginTest_002.forgotPasswordTest()'><b>forgotPasswordTest</b><br>Test class: com.dhruv.tests.LoginTest_002</td>
<td></td>
<td>4</td>
<td>com.dhruv.tests.LoginTest_002@4fe01803</td></tr>
<tr>
<td title='com.dhruv.tests.DropdownTest_004.passengerDrodownTest()'><b>passengerDrodownTest</b><br>Test class: com.dhruv.tests.DropdownTest_004</td>
<td></td>
<td>1</td>
<td>com.dhruv.tests.DropdownTest_004@13d186db</td></tr>
<tr>
<td title='com.dhruv.tests.FlipkartHomePageTest.testActionsOnFlipkart()'><b>testActionsOnFlipkart</b><br>Test class: com.dhruv.tests.FlipkartHomePageTest</td>
<td></td>
<td>27</td>
<td>com.dhruv.tests.FlipkartHomePageTest@43b0ade</td></tr>
<tr>
<td title='com.dhruv.tests.DropdownTest_004.testAutoSuggestiveCountryDD()'><b>testAutoSuggestiveCountryDD</b><br>Test class: com.dhruv.tests.DropdownTest_004</td>
<td></td>
<td>2</td>
<td>com.dhruv.tests.DropdownTest_004@13d186db</td></tr>
<tr>
<td title='com.dhruv.tests.DropdownTest_004.testDropdownSelection()'><b>testDropdownSelection</b><br>Test class: com.dhruv.tests.DropdownTest_004</td>
<td></td>
<td>1</td>
<td>com.dhruv.tests.DropdownTest_004@13d186db</td></tr>
<tr>
<td title='com.dhruv.tests.LoginTest_001.testInvalidLogin()'><b>testInvalidLogin</b><br>Test class: com.dhruv.tests.LoginTest_001</td>
<td></td>
<td>2</td>
<td>com.dhruv.tests.LoginTest_001@1517f633</td></tr>
<tr>
<td title='com.dhruv.tests.LoginTest_003.testInvalidLogin()'><b>testInvalidLogin</b><br>Test class: com.dhruv.tests.LoginTest_003</td>
<td></td>
<td>2</td>
<td>com.dhruv.tests.LoginTest_003@5395ea39</td></tr>
<tr>
<td title='com.dhruv.tests.LoginTest_002.testInvalidLogin()'><b>testInvalidLogin</b><br>Test class: com.dhruv.tests.LoginTest_002</td>
<td></td>
<td>1</td>
<td>com.dhruv.tests.LoginTest_002@4fe01803</td></tr>
<tr>
<td title='com.dhruv.tests.LoginTest_003.validateForTheLoginBtnTextAndPracticeBtnText()'><b>validateForTheLoginBtnTextAndPracticeBtnText</b><br>Test class: com.dhruv.tests.LoginTest_003</td>
<td></td>
<td>2</td>
<td>com.dhruv.tests.LoginTest_003@5395ea39</td></tr>
</table><p>
</body>
</html>