<?xml version="1.0" encoding="UTF-8"?>
<!-- Generated by org.testng.reporters.JUnitReportReporter -->
<testsuite hostname="DCCPL0634" failures="0" tests="4" name="com.dhruv.tests.LoginTest_003" time="13.933" errors="1" timestamp="21 May 2024 11:26:03 GMT" skipped="0">
  <testcase classname="com.dhruv.tests.LoginTest_003" name="testInvalidLogin" time="3.744"/>
  <testcase classname="com.dhruv.tests.LoginTest_003" name="forgotPasswordTest" time="6.199"/>
  <testcase classname="com.dhruv.tests.LoginTest_003" name="successfulLoginTest" time="1.797">
    <error message="
Parameter &#039;username&#039; is required by @Test on method successfulLoginTest but has not been marked @Optional or defined
in C:\Users\Administrator\eclipse-workspace\SeleniumFE_2024-Part5\FlipkartAppRegression.xml" type="org.testng.TestNGException">
      <![CDATA[org.testng.TestNGException: 
Parameter 'username' is required by @Test on method successfulLoginTest but has not been marked @Optional or defined
in C:\Users\Administrator\eclipse-workspace\SeleniumFE_2024-Part5\FlipkartAppRegression.xml
	at org.testng.internal.Parameters.createParameters(Parameters.java:199)
	at org.testng.internal.Parameters.createParameters(Parameters.java:443)
	at org.testng.internal.Parameters.handleParameters(Parameters.java:569)
	at org.testng.internal.Invoker.handleParameters(Invoker.java:1308)
	at org.testng.internal.Invoker.createParameters(Invoker.java:1036)
	at org.testng.internal.Invoker.invokeTestMethods(Invoker.java:1126)
	at org.testng.internal.TestMethodWorker.invokeTestMethods(TestMethodWorker.java:126)
	at org.testng.internal.TestMethodWorker.run(TestMethodWorker.java:109)
	at org.testng.TestRunner.privateRun(TestRunner.java:744)
	at org.testng.TestRunner.run(TestRunner.java:602)
	at org.testng.SuiteRunner.runTest(SuiteRunner.java:380)
	at org.testng.SuiteRunner.runSequentially(SuiteRunner.java:375)
	at org.testng.SuiteRunner.privateRun(SuiteRunner.java:340)
	at org.testng.SuiteRunner.run(SuiteRunner.java:289)
	at org.testng.SuiteRunnerWorker.runSuite(SuiteRunnerWorker.java:52)
	at org.testng.SuiteRunnerWorker.run(SuiteRunnerWorker.java:86)
	at org.testng.TestNG.runSuitesSequentially(TestNG.java:1301)
	at org.testng.TestNG.runSuitesLocally(TestNG.java:1226)
	at org.testng.TestNG.runSuites(TestNG.java:1144)
	at org.testng.TestNG.run(TestNG.java:1115)
	at org.testng.remote.AbstractRemoteTestNG.run(AbstractRemoteTestNG.java:115)
	at org.testng.remote.RemoteTestNG.initAndRun(RemoteTestNG.java:293)
	at org.testng.remote.RemoteTestNG.main(RemoteTestNG.java:91)
]]>
    </error>
  </testcase> <!-- successfulLoginTest -->
  <testcase classname="com.dhruv.tests.LoginTest_003" name="validateForTheLoginBtnTextAndPracticeBtnText" time="2.193"/>
</testsuite> <!-- com.dhruv.tests.LoginTest_003 -->
